<?xml version="1.0" encoding="UTF-8"?>
<!-- Generated by org.testng.reporters.JUnitReportReporter -->
<testsuite skipped="0" hostname="shawon-faruk" name="com.hubspot.qa.tests.SalesPageTest" tests="6" failures="0" timestamp="07 Dec 2018 00:27:06 GMT" time="156.498" errors="0">
  <testcase name="createNewDeal" time="26.514" classname="com.hubspot.qa.tests.SalesPageTest"/>
  <testcase name="createNewDeal" time="25.178" classname="com.hubspot.qa.tests.SalesPageTest"/>
  <testcase name="createNewDeal" time="28.443" classname="com.hubspot.qa.tests.SalesPageTest"/>
  <testcase name="createNewDeal" time="25.502" classname="com.hubspot.qa.tests.SalesPageTest"/>
  <testcase name="createNewDeal" time="24.949" classname="com.hubspot.qa.tests.SalesPageTest"/>
  <testcase name="createNewDeal" time="25.912" classname="com.hubspot.qa.tests.SalesPageTest"/>
</testsuite> <!-- com.hubspot.qa.tests.SalesPageTest -->
