<?xml version="1.0" encoding="UTF-8"?>
<!-- Generated by org.testng.reporters.JUnitReportReporter -->
<testsuite skipped="0" hostname="shawon-faruk" name="com.hubspot.qa.tests.HomePageTest" tests="3" failures="0" timestamp="02 Nov 2018 10:18:00 GMT" time="49.291" errors="0">
  <testcase name="homePageHeaderTest" time="16.283" classname="com.hubspot.qa.tests.HomePageTest"/>
  <testcase name="homePageTitleTest" time="15.264" classname="com.hubspot.qa.tests.HomePageTest"/>
  <testcase name="accountNameTest" time="17.744" classname="com.hubspot.qa.tests.HomePageTest"/>
</testsuite> <!-- com.hubspot.qa.tests.HomePageTest -->
