<?xml version="1.0" encoding="UTF-8"?>
<!-- Generated by org.testng.reporters.JUnitReportReporter -->
<testsuite skipped="0" hostname="shawon-faruk" name="com.hubspot.qa.tests.LoginTest" tests="2" failures="0" timestamp="02 Nov 2018 10:16:48 GMT" time="16.678" errors="0">
  <testcase name="verifyLoginPageTitlePage" time="8.707" classname="com.hubspot.qa.tests.LoginTest"/>
  <testcase name="loginTest" time="7.971" classname="com.hubspot.qa.tests.LoginTest"/>
</testsuite> <!-- com.hubspot.qa.tests.LoginTest -->
