<?xml version="1.0" encoding="UTF-8"?>
<!-- Generated by org.testng.reporters.JUnitReportReporter -->
<testsuite skipped="0" hostname="shawon-faruk" name="com.hubspot.qa.tests.HomePageTest" tests="3" failures="0" timestamp="07 Dec 2018 00:27:06 GMT" time="52.267" errors="0">
  <testcase name="homePageHeaderTest" time="20.719" classname="com.hubspot.qa.tests.HomePageTest"/>
  <testcase name="homePageTitleTest" time="13.375" classname="com.hubspot.qa.tests.HomePageTest"/>
  <testcase name="accountNameTest" time="18.173" classname="com.hubspot.qa.tests.HomePageTest"/>
</testsuite> <!-- com.hubspot.qa.tests.HomePageTest -->
