<?xml version="1.0" encoding="UTF-8"?>
<!-- Generated by org.testng.reporters.JUnitReportReporter -->
<testsuite skipped="0" hostname="shawon-faruk" name="com.hubspot.qa.tests.LoginTest" tests="2" failures="0" timestamp="07 Dec 2018 00:27:06 GMT" time="23.261" errors="0">
  <testcase name="verifyLoginPageTitlePage" time="10.878" classname="com.hubspot.qa.tests.LoginTest"/>
  <testcase name="loginTest" time="12.383" classname="com.hubspot.qa.tests.LoginTest"/>
</testsuite> <!-- com.hubspot.qa.tests.LoginTest -->
